# JRE version: OpenJDK Runtime Environment (21.0.4) (build 21.0.4+-12508038-b607.1)
# Java VM: OpenJDK 64-Bit Server VM (21.0.4+-12508038-b607.1, mixed mode, tiered, compressed oops, compressed class ptrs, g1 gc, windows-amd64)
GC Precious Log:
 CardTable entry size: 512
 Card Set container configuration: InlinePtr #cards 5 size 8 Array Of Cards #cards 12 size 40 Howl #buckets 4 coarsen threshold 1843 Howl Bitmap #cards 512 size 80 coarsen threshold 460 Card regions per heap region 1 cards per card region 2048
 CPUs: 20 total, 20 available
 Memory: 16023M
 Large Page Support: Disabled
 NUMA Support: Disabled
 Compressed Oops: Enabled (32-bit)
 Heap Region Size: 1M
 Heap Min Capacity: 8M
 Heap Initial Capacity: 252M
 Heap Max Capacity: 2G
 Pre-touch: Disabled
 Parallel Workers: 15
 Concurrent Workers: 4
 Concurrent Refinement Workers: 15
 Periodic GC: Disabled
Heap:
 garbage-first heap   total 265216K, used 193100K [0x0000000080000000, 0x0000000100000000)
  region size 1024K, 8 young (8192K), 8 survivors (8192K)
 Metaspace       used 124811K, committed 126912K, reserved 1179648K
  class space    used 17164K, committed 18240K, reserved 1048576K
GC Heap History (20 events):
Event: 5.633 GC heap after
{Heap after GC invocations=38 (full 0):
 garbage-first heap   total 174080K, used 110451K [0x0000000080000000, 0x0000000100000000)
  region size 1024K, 6 young (6144K), 6 survivors (6144K)
 Metaspace       used 110011K, committed 112192K, reserved 1179648K
  class space    used 15040K, committed 16128K, reserved 1048576K
}
Event: 5.714 GC heap before
{Heap before GC invocations=38 (full 0):
 garbage-first heap   total 174080K, used 156531K [0x0000000080000000, 0x0000000100000000)
  region size 1024K, 52 young (53248K), 6 survivors (6144K)
 Metaspace       used 110297K, committed 112448K, reserved 1179648K
  class space    used 15091K, committed 16192K, reserved 1048576K
}
Event: 5.716 GC heap after
{Heap after GC invocations=39 (full 0):
 garbage-first heap   total 174080K, used 112883K [0x0000000080000000, 0x0000000100000000)
  region size 1024K, 5 young (5120K), 5 survivors (5120K)
 Metaspace       used 110297K, committed 112448K, reserved 1179648K
  class space    used 15091K, committed 16192K, reserved 1048576K
}
Event: 5.812 GC heap before
{Heap before GC invocations=40 (full 0):
 garbage-first heap   total 189440K, used 156915K [0x0000000080000000, 0x0000000100000000)
  region size 1024K, 49 young (50176K), 5 survivors (5120K)
 Metaspace       used 110489K, committed 112704K, reserved 1179648K
  class space    used 15117K, committed 16256K, reserved 1048576K
}
Event: 5.813 GC heap after
{Heap after GC invocations=41 (full 0):
 garbage-first heap   total 189440K, used 115038K [0x0000000080000000, 0x0000000100000000)
  region size 1024K, 5 young (5120K), 5 survivors (5120K)
 Metaspace       used 110489K, committed 112704K, reserved 1179648K
  class space    used 15117K, committed 16256K, reserved 1048576K
}
Event: 5.965 GC heap before
{Heap before GC invocations=41 (full 0):
 garbage-first heap   total 189440K, used 176478K [0x0000000080000000, 0x0000000100000000)
  region size 1024K, 61 young (62464K), 5 survivors (5120K)
 Metaspace       used 112923K, committed 115072K, reserved 1179648K
  class space    used 15298K, committed 16384K, reserved 1048576K
}
Event: 5.968 GC heap after
{Heap after GC invocations=42 (full 0):
 garbage-first heap   total 189440K, used 117124K [0x0000000080000000, 0x0000000100000000)
  region size 1024K, 8 young (8192K), 8 survivors (8192K)
 Metaspace       used 112923K, committed 115072K, reserved 1179648K
  class space    used 15298K, committed 16384K, reserved 1048576K
}
Event: 6.047 GC heap before
{Heap before GC invocations=42 (full 0):
 garbage-first heap   total 189440K, used 169348K [0x0000000080000000, 0x0000000100000000)
  region size 1024K, 60 young (61440K), 8 survivors (8192K)
 Metaspace       used 113916K, committed 116096K, reserved 1179648K
  class space    used 15443K, committed 16512K, reserved 1048576K
}
Event: 6.050 GC heap after
{Heap after GC invocations=43 (full 0):
 garbage-first heap   total 227328K, used 122554K [0x0000000080000000, 0x0000000100000000)
  region size 1024K, 8 young (8192K), 8 survivors (8192K)
 Metaspace       used 113916K, committed 116096K, reserved 1179648K
  class space    used 15443K, committed 16512K, reserved 1048576K
}
Event: 6.228 GC heap before
{Heap before GC invocations=44 (full 0):
 garbage-first heap   total 227328K, used 203450K [0x0000000080000000, 0x0000000100000000)
  region size 1024K, 88 young (90112K), 8 survivors (8192K)
 Metaspace       used 118079K, committed 120192K, reserved 1179648K
  class space    used 16085K, committed 17152K, reserved 1048576K
}
Event: 6.232 GC heap after
{Heap after GC invocations=45 (full 0):
 garbage-first heap   total 227328K, used 134056K [0x0000000080000000, 0x0000000100000000)
  region size 1024K, 11 young (11264K), 11 survivors (11264K)
 Metaspace       used 118079K, committed 120192K, reserved 1179648K
  class space    used 16085K, committed 17152K, reserved 1048576K
}
Event: 6.292 GC heap before
{Heap before GC invocations=45 (full 0):
 garbage-first heap   total 227328K, used 200616K [0x0000000080000000, 0x0000000100000000)
  region size 1024K, 77 young (78848K), 11 survivors (11264K)
 Metaspace       used 119726K, committed 121856K, reserved 1179648K
  class space    used 16338K, committed 17408K, reserved 1048576K
}
Event: 6.298 GC heap after
{Heap after GC invocations=46 (full 0):
 garbage-first heap   total 229376K, used 147170K [0x0000000080000000, 0x0000000100000000)
  region size 1024K, 10 young (10240K), 10 survivors (10240K)
 Metaspace       used 119726K, committed 121856K, reserved 1179648K
  class space    used 16338K, committed 17408K, reserved 1048576K
}
Event: 6.350 GC heap before
{Heap before GC invocations=46 (full 0):
 garbage-first heap   total 229376K, used 204514K [0x0000000080000000, 0x0000000100000000)
  region size 1024K, 67 young (68608K), 10 survivors (10240K)
 Metaspace       used 122199K, committed 124352K, reserved 1179648K
  class space    used 16688K, committed 17792K, reserved 1048576K
}
Event: 6.355 GC heap after
{Heap after GC invocations=47 (full 0):
 garbage-first heap   total 229376K, used 157696K [0x0000000080000000, 0x0000000100000000)
  region size 1024K, 9 young (9216K), 9 survivors (9216K)
 Metaspace       used 122199K, committed 124352K, reserved 1179648K
  class space    used 16688K, committed 17792K, reserved 1048576K
}
Event: 6.402 GC heap before
{Heap before GC invocations=47 (full 0):
 garbage-first heap   total 263168K, used 206848K [0x0000000080000000, 0x0000000100000000)
  region size 1024K, 58 young (59392K), 9 survivors (9216K)
 Metaspace       used 123278K, committed 125440K, reserved 1179648K
  class space    used 16898K, committed 17984K, reserved 1048576K
}
Event: 6.407 GC heap after
{Heap after GC invocations=48 (full 0):
 garbage-first heap   total 263168K, used 168078K [0x0000000080000000, 0x0000000100000000)
  region size 1024K, 8 young (8192K), 8 survivors (8192K)
 Metaspace       used 123278K, committed 125440K, reserved 1179648K
  class space    used 16898K, committed 17984K, reserved 1048576K
}
Event: 6.456 GC heap before
{Heap before GC invocations=49 (full 0):
 garbage-first heap   total 263168K, used 231566K [0x0000000080000000, 0x0000000100000000)
  region size 1024K, 71 young (72704K), 8 survivors (8192K)
 Metaspace       used 124328K, committed 126464K, reserved 1179648K
  class space    used 17083K, committed 18176K, reserved 1048576K
}
Event: 6.461 GC heap after
{Heap after GC invocations=50 (full 0):
 garbage-first heap   total 263168K, used 181783K [0x0000000080000000, 0x0000000100000000)
  region size 1024K, 9 young (9216K), 9 survivors (9216K)
 Metaspace       used 124328K, committed 126464K, reserved 1179648K
  class space    used 17083K, committed 18176K, reserved 1048576K
}
Event: 6.486 GC heap before
{Heap before GC invocations=50 (full 0):
 garbage-first heap   total 263168K, used 236055K [0x0000000080000000, 0x0000000100000000)
  region size 1024K, 63 young (64512K), 9 survivors (9216K)
 Metaspace       used 124811K, committed 126912K, reserved 1179648K
  class space    used 17164K, committed 18240K, reserved 1048576K
}

